This is pdfTeX, Version 3.141592-1.40.3 (Web2C 7.5.6) (format=pdflatex 2008.10.8)  3 DEC 2008 18:07
entering extended mode
**RTNoC.tex
(./RTNoC.tex
LaTeX2e <2005/12/01>
Babel <v3.8h> and hyphenation patterns for english, usenglishmax, dumylang, noh
yphenation, arabic, basque, bulgarian, coptic, welsh, czech, slovak, german, ng
erman, danish, esperanto, spanish, catalan, galician, estonian, farsi, finnish,
 french, greek, monogreek, ancientgreek, croatian, hungarian, interlingua, ibyc
us, indonesian, icelandic, italian, latin, mongolian, dutch, norsk, polish, por
tuguese, pinyin, romanian, russian, slovenian, uppersorbian, serbian, swedish, 
turkish, ukenglish, ukrainian, loaded.
(/usr/local/gwTeX/texmf.texlive/tex/latex/base/article.cls
Document Class: article 2005/09/16 v1.4f Standard LaTeX document class
(/usr/local/gwTeX/texmf.texlive/tex/latex/base/size10.clo
File: size10.clo 2005/09/16 v1.4f Standard LaTeX file (size option)
)
\c@part=\count79
\c@section=\count80
\c@subsection=\count81
\c@subsubsection=\count82
\c@paragraph=\count83
\c@subparagraph=\count84
\c@figure=\count85
\c@table=\count86
\abovecaptionskip=\skip41
\belowcaptionskip=\skip42
\bibindent=\dimen102
)
(/usr/local/gwTeX/texmf.texlive/tex/generic/babel/babel.sty
Package: babel 2005/11/23 v3.8h The Babel package

(/usr/local/gwTeX/texmf.texlive/tex/generic/babel/english.ldf
Language: english 2005/03/30 v3.3o English support from the babel system

(/usr/local/gwTeX/texmf.texlive/tex/generic/babel/babel.def
File: babel.def 2005/11/23 v3.8h Babel common definitions
\babel@savecnt=\count87
\U@D=\dimen103
)
\l@british = a dialect from \language\l@english 
\l@UKenglish = a dialect from \language\l@english 
\l@canadian = a dialect from \language\l@american 
\l@australian = a dialect from \language\l@british 
\l@newzealand = a dialect from \language\l@british 
)
(/usr/local/gwTeX/texmf.texlive/tex/generic/babel/frenchb.ldf
Language: french 2005/02/06 v1.6g French support from the babel system
Package babel Info: Making : an active character on input line 219.
Package babel Info: Making ; an active character on input line 220.
Package babel Info: Making ! an active character on input line 221.
Package babel Info: Making ? an active character on input line 222.
LaTeX Font Info:    Redeclaring font encoding T1 on input line 299.
\parindentFFN=\dimen104
\std@mcc=\count88
\dec@mcc=\count89

*************************************
* Local config file frenchb.cfg used
*
(/usr/local/gwTeX/texmf.texlive/tex/generic/babel/frenchb.cfg)))
(/usr/local/gwTeX/texmf.texlive/tex/latex/graphics/graphicx.sty
Package: graphicx 1999/02/16 v1.0f Enhanced LaTeX Graphics (DPC,SPQR)

(/usr/local/gwTeX/texmf.texlive/tex/latex/graphics/keyval.sty
Package: keyval 1999/03/16 v1.13 key=value parser (DPC)
\KV@toks@=\toks14
)
(/usr/local/gwTeX/texmf.texlive/tex/latex/graphics/graphics.sty
Package: graphics 2006/02/20 v1.0o Standard LaTeX Graphics (DPC,SPQR)

(/usr/local/gwTeX/texmf.texlive/tex/latex/graphics/trig.sty
Package: trig 1999/03/16 v1.09 sin cos tan (DPC)
)
(/usr/local/gwTeX/texmf.texlive/tex/latex/config/graphics.cfg
File: graphics.cfg 2007/01/18 v1.5 graphics configuration of teTeX/TeXLive
)
Package graphics Info: Driver file: pdftex.def on input line 90.

(/usr/local/gwTeX/texmf.texlive/tex/latex/pdftex-def/pdftex.def
File: pdftex.def 2007/01/08 v0.04d Graphics/color for pdfTeX
\Gread@gobject=\count90
))
\Gin@req@height=\dimen105
\Gin@req@width=\dimen106
) (./RTNoC.aux

LaTeX Warning: Label `pathdelay5' multiply defined.

)
\openout1 = `RTNoC.aux'.

LaTeX Font Info:    Checking defaults for OML/cmm/m/it on input line 4.
LaTeX Font Info:    ... okay on input line 4.
LaTeX Font Info:    Checking defaults for T1/lmr/m/n on input line 4.
LaTeX Font Info:    Try loading font information for T1+lmr on input line 4.
 (/usr/local/gwTeX/texmf.texlive/tex/latex/lm/t1lmr.fd
File: t1lmr.fd 2007/01/14 v1.3 Font defs for Latin Modern
)
LaTeX Font Info:    ... okay on input line 4.
LaTeX Font Info:    Checking defaults for OT1/cmr/m/n on input line 4.
LaTeX Font Info:    ... okay on input line 4.
LaTeX Font Info:    Checking defaults for OMS/cmsy/m/n on input line 4.
LaTeX Font Info:    ... okay on input line 4.
LaTeX Font Info:    Checking defaults for OMX/cmex/m/n on input line 4.
LaTeX Font Info:    ... okay on input line 4.
LaTeX Font Info:    Checking defaults for U/cmr/m/n on input line 4.
LaTeX Font Info:    ... okay on input line 4.
LaTeX Info: Redefining \dots on input line 4.

(/usr/local/gwTeX/texmf.texlive/tex/context/base/supp-pdf.tex
[Loading MPS to PDF converter (version 2006.09.02).]
\scratchcounter=\count91
\scratchdimen=\dimen107
\scratchbox=\box26
\nofMPsegments=\count92
\nofMParguments=\count93
\MPscratchCnt=\count94
\MPscratchDim=\dimen108
\MPnumerator=\count95
\everyMPtoPDFconversion=\toks15
)
LaTeX Font Info:    External font `cmex10' loaded for size
(Font)              <7> on input line 53.
LaTeX Font Info:    External font `cmex10' loaded for size
(Font)              <5> on input line 53.
 [1

{/usr/local/gwTeX/texmf.local/fonts/map/pdftex/updmap/pdftex.map}] [2]
[3] [4] [5] [6]
Overfull \hbox (18.92896pt too wide) detected at line 353
[][]\OT1/cmr/m/n/10 ([] \OML/cmm/m/it/10 P\OT1/cmr/m/n/10 (\OML/cmm/m/it/10 f[]
\OT1/cmr/m/n/10 )(3)\OML/cmm/m/it/10 y[] \OT1/cmr/m/n/10 + \OML/cmm/m/it/10 S[]
\OT1/cmr/m/n/10 )\OML/cmm/m/it/10 y[] \OMS/cmsy/m/n/10 ^^T \OML/cmm/m/it/10 P\O
T1/cmr/m/n/10 (\OML/cmm/m/it/10 f[]\OT1/cmr/m/n/10 )(4) \OMS/cmsy/m/n/10 ^^@ \O
ML/cmm/m/it/10 P\OT1/cmr/m/n/10 (\OML/cmm/m/it/10 f[]\OT1/cmr/m/n/10 )(3)\OML/c
mm/m/it/10 ; []f[] \OMS/cmsy/m/n/10 2 \OML/cmm/m/it/10 F
 []


Overfull \hbox (27.436pt too wide) detected at line 366
\OML/cmm/m/it/10 slack[] \OT1/cmr/m/n/10 = \OML/cmm/m/it/10 P\OT1/cmr/m/n/10 (\
OML/cmm/m/it/10 f\OT1/cmr/m/n/10 )(4) \OMS/cmsy/m/n/10 ^^@ \OML/cmm/m/it/10 P\O
T1/cmr/m/n/10 (\OML/cmm/m/it/10 f\OT1/cmr/m/n/10 )(3) \OMS/cmsy/m/n/10 ^^@ []\O
T1/cmr/m/n/10 ([] \OML/cmm/m/it/10 P\OT1/cmr/m/n/10 (\OML/cmm/m/it/10 f[]\OT1/c
mr/m/n/10 )(3)\OML/cmm/m/it/10 y[] \OT1/cmr/m/n/10 + \OML/cmm/m/it/10 S[]\OT1/c
mr/m/n/10 )\OML/cmm/m/it/10 y[]\OMS/cmsy/m/n/10 8\OML/cmm/m/it/10 f \OMS/cmsy/m
/n/10 2 \OML/cmm/m/it/10 F
 []

[7]
Overfull \hbox (80.06818pt too wide) in paragraph at lines 376--382
 [] 
 []

<OtherArcs.png, id=38, 1332.98pt x 603.25375pt>
File: OtherArcs.png Graphic file (type png)
 <use OtherArcs.png>
Overfull \hbox (11.43306pt too wide) in paragraph at lines 405--410
[][]
 []

[8 <./OtherArcs.png (PNG copy)>]
Underfull \hbox (badness 4819) in paragraph at lines 420--420
[]\OT1/cmr/m/n/10 Backtrack to the
 []


Underfull \hbox (badness 1874) in paragraph at lines 420--420
\OT1/cmr/m/n/10 source node (rou-
 []


Underfull \hbox (badness 3849) in paragraph at lines 422--422
[]\OT1/cmr/m/n/10 Possibly can-not find a
 []


Underfull \hbox (badness 1817) in paragraph at lines 423--423
[]\OT1/cmr/m/n/10 Backtrack to cur-
 []


Underfull \hbox (badness 10000) in paragraph at lines 423--423
\OT1/cmr/m/n/10 and try ano-ther
 []


Underfull \hbox (badness 1107) in paragraph at lines 427--428
[]\OT1/cmr/m/n/10 - The ove-rhead for fin-
 []


Overfull \hbox (3.9803pt too wide) in paragraph at lines 417--432
 [] 
 []

(./RTNoC.bbl [9]) [10] (./RTNoC.aux)

LaTeX Warning: There were multiply-defined labels.

 ) 
Here is how much of TeX's memory you used:
 1502 strings out of 94073
 19152 string characters out of 1163505
 2069467 words of memory out of 4520663
 4816 multiletter control sequences out of 10000+50000
 6723 words of font info for 24 fonts, out of 2000000 for 2000
 645 hyphenation exceptions out of 5000
 25i,9n,24p,198b,250s stack positions out of 5000i,500n,6000p,200000b,50000s
</usr/local/gwTeX/texmf.texlive/fonts/type1/bluesky/cm/cmbx10.pfb></usr/local
/gwTeX/texmf.texlive/fonts/type1/bluesky/cm/cmbx12.pfb></usr/local/gwTeX/texmf.
texlive/fonts/type1/bluesky/cm/cmcsc10.pfb></usr/local/gwTeX/texmf.texlive/font
s/type1/bluesky/cm/cmex10.pfb></usr/local/gwTeX/texmf.texlive/fonts/type1/blues
ky/cm/cmmi10.pfb></usr/local/gwTeX/texmf.texlive/fonts/type1/bluesky/cm/cmmi5.p
fb></usr/local/gwTeX/texmf.texlive/fonts/type1/bluesky/cm/cmmi7.pfb></usr/local
/gwTeX/texmf.texlive/fonts/type1/bluesky/cm/cmr10.pfb></usr/local/gwTeX/texmf.t
exlive/fonts/type1/bluesky/cm/cmr17.pfb></usr/local/gwTeX/texmf.texlive/fonts/t
ype1/bluesky/cm/cmr7.pfb></usr/local/gwTeX/texmf.texlive/fonts/type1/bluesky/cm
/cmsy10.pfb></usr/local/gwTeX/texmf.texlive/fonts/type1/bluesky/cm/cmsy5.pfb></
usr/local/gwTeX/texmf.texlive/fonts/type1/bluesky/cm/cmsy7.pfb></usr/local/gwTe
X/texmf.texlive/fonts/type1/bluesky/cm/cmti10.pfb>
Output written on RTNoC.pdf (10 pages, 206627 bytes).
PDF statistics:
 92 PDF objects out of 1000 (max. 8388607)
 0 named destinations out of 1000 (max. 131072)
 6 words of extra memory for PDF output out of 10000 (max. 10000000)

