0 0 0 128 10 0 
0 0 0 128 10 0 
0 0 0 128 10 0 
0 0 0 128 10 0 
0 0 0 128 10 0 
0 0 0 128 10 0 
0 0 0 128 10 0 
0 0 0 128 10 0 
0 0 0 128 10 0 
0 0 0 128 10 0 
0 0 0 128 10 0 
0 0 0 128 10 0 
0 0 0 128 10 0 
0 0 0 128 10 0 
0 0 0 128 10 0 
0 0 0 128 10 0 
0 0 0 128 10 0 
0 0 0 128 10 0 
0 0 0 128 10 0 
0 0 0 128 10 0 
0 0 0 128 10 0 
0 0 0 128 10 0 
0 0 0 128 10 0 
0 0 0 128 10 0 
0 0 0 128 10 0 
0 0 0 128 10 0 
0 0 0 128 10 0 
0 0 0 128 10 0 
0 0 0 128 10 0 
0 0 0 128 10 0 
0 0 0 128 10 0 
0 0 0 128 10 0 
0 0 0 128 10 0 
0 0 0 128 10 0 
0 0 0 128 10 0 
0 0 0 128 10 0 
0 0 0 128 10 0 
0 0 0 128 10 0 
0 0 0 128 10 0 
0 0 0 128 10 0 
0 0 0 128 10 0 
0 0 0 128 10 0 
0 0 0 128 10 0 
0 0 0 128 10 0 
0 0 0 128 10 0 
0 0 0 128 10 0 
0 0 0 128 10 0 
0 0 0 128 10 0 
0 0 0 128 10 0 
0 0 0 128 10 0 
0 0 0 128 10 0 
0 0 0 128 10 0 
0 0 0 128 10 0 
0 0 0 128 10 0 
0 0 0 128 10 0 
0 0 0 128 10 0 
0 0 0 128 10 0 
0 0 0 128 10 0 
0 0 0 128 10 0 
0 0 0 128 10 0 
0 0 0 128 10 0 
0 0 0 128 10 0 
