../../actor/lib/Accumulator.java
../../actor/lib/ArrayPeakSearch.java
../../actor/lib/Average.java
../../actor/lib/BooleanSelect.java
../../actor/lib/BooleanSwitch.java
../../actor/lib/Commutator.java
../../actor/lib/ComputeHistogram.java
../../actor/lib/Counter.java
../../actor/lib/DB.java
../../actor/lib/Differential.java
../../actor/lib/Distributor.java
../../actor/lib/IIR.java
../../actor/lib/LinearDifferenceEquationSystem.java
../../actor/lib/Multiplexor.java
../../actor/lib/OrderedMerge.java
../../actor/lib/PoissonClock.java
../../actor/lib/Pulse.java
../../actor/lib/Ramp.java
../../actor/lib/Sequence.java
../../actor/lib/SequenceSource.java
../../actor/lib/SequentialClock.java
