


ARM Macro Assembler    Page 1 


    1 00000000         ;/******************************************************
                       ***********************/
    2 00000000         ;/* STARTUP.S: Startup file for Cortex-M3               
                                             */
    3 00000000         ;/******************************************************
                       ***********************/
    4 00000000         ;/* <<< Use Configuration Wizard in Context Menu >>>    
                                             */
    5 00000000         ;/******************************************************
                       ***********************/
    6 00000000         ;/* This file is part of the uVision/ARM development too
                       ls.                   */
    7 00000000         ;/* Copyright (c) 2005-2007 Keil Software. All rights re
                       served.               */
    8 00000000         ;/* This software may only be used under the terms of a 
                       valid, current,       */
    9 00000000         ;/* end user licence from KEIL for a compatible version 
                       of KEIL software      */
   10 00000000         ;/* development tools. Nothing else gives you the right 
                       to use this software. */
   11 00000000         ;/******************************************************
                       ***********************/
   12 00000000         
   13 00000000         
   14 00000000         ;// <h> Stack Configuration
   15 00000000         ;//   <o> Stack Size (in Bytes) <0x0-0xFFFFFFFF:8>
   16 00000000         ;// </h>
   17 00000000         
   18 00000000 00000200 
                       Stack_Size
                               EQU              0x00000200
   19 00000000         
   20 00000000                 AREA             STACK, NOINIT, READWRITE, ALIGN
=3
   21 00000000         Stack_Mem
                               SPACE            Stack_Size
   22 00000200         __initial_sp
   23 00000200         
   24 00000200                 EXPORT           Stack_Top
   25 00000200 00000200 
                       Stack_Top
                               EQU              Stack_Mem + Stack_Size
   26 00000200         
   27 00000200         
   28 00000200         ;// <h> Heap Configuration
   29 00000200         ;//   <o>  Heap Size (in Bytes) <0x0-0xFFFFFFFF:8>
   30 00000200         ;// </h>
   31 00000200         
   32 00000200 00000000 
                       Heap_Size
                               EQU              0x00000000
   33 00000200         
   34 00000200                 AREA             HEAP, NOINIT, READWRITE, ALIGN=
3
   35 00000000         __heap_base
   36 00000000         Heap_Mem
                               SPACE            Heap_Size
   37 00000000         __heap_limit
   38 00000000         



ARM Macro Assembler    Page 2 


   39 00000000         
   40 00000000                 PRESERVE8
   41 00000000                 THUMB
   42 00000000         
   43 00000000         
   44 00000000         ; Area Definition and Entry Point
   45 00000000         ;  Startup Code must be linked first at Address at which
                        it expects to run.
   46 00000000         
   47 00000000                 AREA             RESET, CODE, READONLY
   48 00000000                 THUMB
   49 00000000         
   50 00000000         
   51 00000000         ; Vector Table Mapped to Address 0 at Reset
   52 00000000         
   53 00000000                 AREA             RESET, DATA, READONLY
   54 00000000                 EXPORT           __Vectors
   55 00000000 00000000 
                       __Vectors
                               DCD              __initial_sp ; Top of Stack
   56 00000004 00000000        DCD              Reset_Handler ; Reset Handler
   57 00000008 00000000        DCD              NMI_Handler ; NMI Handler
   58 0000000C 00000000        DCD              HardFault_Handler ; Hard Fault 
                                                            Handler
   59 00000010 00000000        DCD              MemManage_Handler 
                                                            ; MPU Fault Handler
                                                            
   60 00000014 00000000        DCD              BusFault_Handler 
                                                            ; Bus Fault Handler
                                                            
   61 00000018 00000000        DCD              UsageFault_Handler ; Usage Faul
                                                            t Handler
   62 0000001C 00000000        DCD              0           ; Reserved
   63 00000020 00000000        DCD              0           ; Reserved
   64 00000024 00000000        DCD              0           ; Reserved
   65 00000028 00000000        DCD              0           ; Reserved
   66 0000002C 00000000        DCD              SVC_Handler ; SVCall Handler
   67 00000030 00000000        DCD              DebugMon_Handler ; Debug Monito
                                                            r Handler
   68 00000034 00000000        DCD              0           ; Reserved
   69 00000038 00000000        DCD              PendSV_Handler ; PendSV Handler
                                                            
   70 0000003C 00000000        DCD              SysTick_Handler 
                                                            ; SysTick Handler
   71 00000040         
   72 00000040         
   73 00000040                 AREA             |.text|, CODE, READONLY
   74 00000000         
   75 00000000         
   76 00000000         ; Reset Handler
   77 00000000         
   78 00000000         Reset_Handler
                               PROC
   79 00000000                 EXPORT           Reset_Handler             [WEAK
]
   80 00000000                 IMPORT           __main
   81 00000000 4805            LDR              R0, =__main
   82 00000002 4700            BX               R0
   83 00000004                 ENDP



ARM Macro Assembler    Page 3 


   84 00000004         
   85 00000004         
   86 00000004         ; Dummy Exception Handlers (infinite loops which can be 
                       modified)                
   87 00000004         
   88 00000004         NMI_Handler
                               PROC
   89 00000004                 EXPORT           NMI_Handler               [WEAK
]
   90 00000004 E7FE            B                .
   91 00000006                 ENDP
   93 00000006         HardFault_Handler
                               PROC
   94 00000006                 EXPORT           HardFault_Handler         [WEAK
]
   95 00000006 E7FE            B                .
   96 00000008                 ENDP
   98 00000008         MemManage_Handler
                               PROC
   99 00000008                 EXPORT           MemManage_Handler         [WEAK
]
  100 00000008 E7FE            B                .
  101 0000000A                 ENDP
  103 0000000A         BusFault_Handler
                               PROC
  104 0000000A                 EXPORT           BusFault_Handler          [WEAK
]
  105 0000000A E7FE            B                .
  106 0000000C                 ENDP
  108 0000000C         UsageFault_Handler
                               PROC
  109 0000000C                 EXPORT           UsageFault_Handler        [WEAK
]
  110 0000000C E7FE            B                .
  111 0000000E                 ENDP
  112 0000000E         SVC_Handler
                               PROC
  113 0000000E                 EXPORT           SVC_Handler               [WEAK
]
  114 0000000E E7FE            B                .
  115 00000010                 ENDP
  117 00000010         DebugMon_Handler
                               PROC
  118 00000010                 EXPORT           DebugMon_Handler          [WEAK
]
  119 00000010 E7FE            B                .
  120 00000012                 ENDP
  121 00000012         PendSV_Handler
                               PROC
  122 00000012                 EXPORT           PendSV_Handler            [WEAK
]
  123 00000012 E7FE            B                .
  124 00000014                 ENDP
  125 00000014         SysTick_Handler
                               PROC
  126 00000014                 EXPORT           SysTick_Handler           [WEAK
]
  127 00000014 E7FE            B                .
  128 00000016                 ENDP



ARM Macro Assembler    Page 4 


  129 00000016         
  130 00000016         
  131 00000016 00 00           ALIGN
  132 00000018         
  133 00000018         
  134 00000018         ; User Initial Stack & Heap
  135 00000018         
  136 00000018                 IF               :DEF: __MICROLIB
  137 00000018         
  138 00000018                 EXPORT           __initial_sp
  139 00000018                 EXPORT           __heap_base
  140 00000018                 EXPORT           __heap_limit
  141 00000018         
  142 00000018                 ELSE
  153                          ENDIF
  154 00000018         
  155 00000018                 ALIGN
  156 00000018         
  157 00000018         
  158 00000018                 END
              00000000 
Command Line: --16 --debug --xref --device=DLM --apcs=interwork -o.\Obj\Startup
.o -IC:\workspace\Keil\ARM\INC\Luminary --predefine="__MICROLIB SETA 1" --list=
.\Lst\Startup.lst Startup.s



ARM Macro Assembler    Page 1 Alphabetic symbol ordering
Relocatable symbols

STACK 00000000

Symbol: STACK
   Definitions
      At line 20 in file Startup.s
   Uses
      None
Comment: STACK unused
Stack_Mem 00000000

Symbol: Stack_Mem
   Definitions
      At line 21 in file Startup.s
   Uses
      At line 25 in file Startup.s
Comment: Stack_Mem used once
Stack_Top 00000200

Symbol: Stack_Top
   Definitions
      At line 25 in file Startup.s
   Uses
      At line 24 in file Startup.s
Comment: Stack_Top used once
__initial_sp 00000200

Symbol: __initial_sp
   Definitions
      At line 22 in file Startup.s
   Uses
      At line 55 in file Startup.s
      At line 138 in file Startup.s

4 symbols



ARM Macro Assembler    Page 1 Alphabetic symbol ordering
Relocatable symbols

HEAP 00000000

Symbol: HEAP
   Definitions
      At line 34 in file Startup.s
   Uses
      None
Comment: HEAP unused
Heap_Mem 00000000

Symbol: Heap_Mem
   Definitions
      At line 36 in file Startup.s
   Uses
      None
Comment: Heap_Mem unused
__heap_base 00000000

Symbol: __heap_base
   Definitions
      At line 35 in file Startup.s
   Uses
      At line 139 in file Startup.s
Comment: __heap_base used once
__heap_limit 00000000

Symbol: __heap_limit
   Definitions
      At line 37 in file Startup.s
   Uses
      At line 140 in file Startup.s
Comment: __heap_limit used once
4 symbols



ARM Macro Assembler    Page 1 Alphabetic symbol ordering
Relocatable symbols

RESET 00000000

Symbol: RESET
   Definitions
      At line 47 in file Startup.s
   Uses
      None
Comment: RESET unused
__Vectors 00000000

Symbol: __Vectors
   Definitions
      At line 55 in file Startup.s
   Uses
      At line 54 in file Startup.s
Comment: __Vectors used once
2 symbols



ARM Macro Assembler    Page 1 Alphabetic symbol ordering
Relocatable symbols

.text 00000000

Symbol: .text
   Definitions
      At line 73 in file Startup.s
   Uses
      None
Comment: .text unused
BusFault_Handler 0000000A

Symbol: BusFault_Handler
   Definitions
      At line 103 in file Startup.s
   Uses
      At line 60 in file Startup.s
      At line 104 in file Startup.s

DebugMon_Handler 00000010

Symbol: DebugMon_Handler
   Definitions
      At line 117 in file Startup.s
   Uses
      At line 67 in file Startup.s
      At line 118 in file Startup.s

HardFault_Handler 00000006

Symbol: HardFault_Handler
   Definitions
      At line 93 in file Startup.s
   Uses
      At line 58 in file Startup.s
      At line 94 in file Startup.s

MemManage_Handler 00000008

Symbol: MemManage_Handler
   Definitions
      At line 98 in file Startup.s
   Uses
      At line 59 in file Startup.s
      At line 99 in file Startup.s

NMI_Handler 00000004

Symbol: NMI_Handler
   Definitions
      At line 88 in file Startup.s
   Uses
      At line 57 in file Startup.s
      At line 89 in file Startup.s

PendSV_Handler 00000012

Symbol: PendSV_Handler
   Definitions
      At line 121 in file Startup.s
   Uses



ARM Macro Assembler    Page 2 Alphabetic symbol ordering
Relocatable symbols

      At line 69 in file Startup.s
      At line 122 in file Startup.s

Reset_Handler 00000000

Symbol: Reset_Handler
   Definitions
      At line 78 in file Startup.s
   Uses
      At line 56 in file Startup.s
      At line 79 in file Startup.s

SVC_Handler 0000000E

Symbol: SVC_Handler
   Definitions
      At line 112 in file Startup.s
   Uses
      At line 66 in file Startup.s
      At line 113 in file Startup.s

SysTick_Handler 00000014

Symbol: SysTick_Handler
   Definitions
      At line 125 in file Startup.s
   Uses
      At line 70 in file Startup.s
      At line 126 in file Startup.s

UsageFault_Handler 0000000C

Symbol: UsageFault_Handler
   Definitions
      At line 108 in file Startup.s
   Uses
      At line 61 in file Startup.s
      At line 109 in file Startup.s

11 symbols



ARM Macro Assembler    Page 1 Alphabetic symbol ordering
Relocatable symbols

.debug_info$$$RESET 00000000

Symbol: .debug_info$$$RESET
   Definitions
      None
   Uses
      None
Warning: .debug_info$$$RESET undefinedComment: .debug_info$$$RESET unused
1 symbol



ARM Macro Assembler    Page 1 Alphabetic symbol ordering
Relocatable symbols

.debug_line$$$RESET 00000000

Symbol: .debug_line$$$RESET
   Definitions
      None
   Uses
      None
Warning: .debug_line$$$RESET undefinedComment: .debug_line$$$RESET unused
1 symbol



ARM Macro Assembler    Page 1 Alphabetic symbol ordering
Relocatable symbols

.debug_info$$$.text 00000000

Symbol: .debug_info$$$.text
   Definitions
      None
   Uses
      None
Warning: .debug_info$$$.text undefinedComment: .debug_info$$$.text unused
1 symbol



ARM Macro Assembler    Page 1 Alphabetic symbol ordering
Relocatable symbols

.debug_line$$$.text 00000000

Symbol: .debug_line$$$.text
   Definitions
      None
   Uses
      None
Warning: .debug_line$$$.text undefinedComment: .debug_line$$$.text unused
1 symbol



ARM Macro Assembler    Page 1 Alphabetic symbol ordering
Relocatable symbols

.debug_abbrev 00000000

Symbol: .debug_abbrev
   Definitions
      None
   Uses
      None
Warning: .debug_abbrev undefinedComment: .debug_abbrev unused
__ARM_asm.debug_abbrev 00000000

Symbol: __ARM_asm.debug_abbrev
   Definitions
      None
   Uses
      None
Warning: __ARM_asm.debug_abbrev undefinedComment: __ARM_asm.debug_abbrev unused
2 symbols



ARM Macro Assembler    Page 1 Alphabetic symbol ordering
Relocatable symbols

.debug_frame$$$.text 00000000

Symbol: .debug_frame$$$.text
   Definitions
      None
   Uses
      None
Warning: .debug_frame$$$.text undefinedComment: .debug_frame$$$.text unused
1 symbol



ARM Macro Assembler    Page 1 Alphabetic symbol ordering
Absolute symbols

Heap_Size 00000000

Symbol: Heap_Size
   Definitions
      At line 32 in file Startup.s
   Uses
      At line 36 in file Startup.s
Comment: Heap_Size used once
Stack_Size 00000200

Symbol: Stack_Size
   Definitions
      At line 18 in file Startup.s
   Uses
      At line 21 in file Startup.s
      At line 25 in file Startup.s

2 symbols



ARM Macro Assembler    Page 1 Alphabetic symbol ordering
External symbols

__main 00000000

Symbol: __main
   Definitions
      At line 80 in file Startup.s
   Uses
      At line 81 in file Startup.s
Comment: __main used once
1 symbol
353 symbols in table
